2021-11-17 22:51:38,854 [main] INFO  [c.y.s.controller.LoginLogoutControllerTest] StartupInfoLogger.java:55 - Starting LoginLogoutControllerTest using Java 1.8.0_291 on DESKTOP-A787GFA with PID 28984 (started by YFAN in D:\IDEA_WORKSPACE\SpringBoot-Demo\spring-boot-aop)
2021-11-17 22:51:38,864 [main] INFO  [c.y.s.controller.LoginLogoutControllerTest] SpringApplication.java:659 - No active profile set, falling back to default profiles: default
2021-11-17 22:51:39,374 [main] WARN  [o.s.w.context.support.GenericWebApplicationContext] AbstractApplicationContext.java:591 - Exception encountered during context initialization - cancelling refresh attempt: org.springframework.beans.factory.BeanCreationException: Error creating bean with name 'springBootAopApplication': Initialization of bean failed; nested exception is java.lang.IllegalArgumentException: warning no match for this type name: com.yfan.springbootaop.service.impl [Xlint:invalidAbsoluteTypeName]
2021-11-17 22:51:39,374 [main] INFO  [o.s.b.a.l.ConditionEvaluationReportLoggingListener] ConditionEvaluationReportLoggingListener.java:136 - 

Error starting ApplicationContext. To display the conditions report re-run your application with 'debug' enabled.
2021-11-17 22:53:13,544 [main] INFO  [c.y.s.controller.LoginLogoutControllerTest] StartupInfoLogger.java:55 - Starting LoginLogoutControllerTest using Java 1.8.0_291 on DESKTOP-A787GFA with PID 19112 (started by YFAN in D:\IDEA_WORKSPACE\SpringBoot-Demo\spring-boot-aop)
2021-11-17 22:53:13,544 [main] INFO  [c.y.s.controller.LoginLogoutControllerTest] SpringApplication.java:659 - No active profile set, falling back to default profiles: default
2021-11-17 22:53:15,116 [main] INFO  [c.y.s.controller.LoginLogoutControllerTest] StartupInfoLogger.java:61 - Started LoginLogoutControllerTest in 1.867 seconds (JVM running for 2.485)
2021-11-17 22:53:15,246 [main] INFO  [com.yfan.springbootaop.config.AopLog] AopLog.java:37 - 环绕通知上......
2021-11-17 22:53:15,246 [main] INFO  [com.yfan.springbootaop.config.AopLog] AopLog.java:30 - 前置通知......
2021-11-17 22:53:15,256 [main] INFO  [com.yfan.springbootaop.config.AopLog] AopLog.java:52 - 返回通知......
2021-11-17 22:53:15,256 [main] INFO  [com.yfan.springbootaop.config.AopLog] AopLog.java:66 - 后置通知......
2021-11-17 22:53:15,256 [main] INFO  [com.yfan.springbootaop.config.AopLog] AopLog.java:44 - 环绕通知下......
2021-11-17 22:54:21,416 [main] INFO  [c.y.s.controller.LoginLogoutControllerTest] StartupInfoLogger.java:55 - Starting LoginLogoutControllerTest using Java 1.8.0_291 on DESKTOP-A787GFA with PID 38756 (started by YFAN in D:\IDEA_WORKSPACE\SpringBoot-Demo\spring-boot-aop)
2021-11-17 22:54:21,416 [main] INFO  [c.y.s.controller.LoginLogoutControllerTest] SpringApplication.java:659 - No active profile set, falling back to default profiles: default
2021-11-17 22:54:22,986 [main] INFO  [c.y.s.controller.LoginLogoutControllerTest] StartupInfoLogger.java:61 - Started LoginLogoutControllerTest in 1.862 seconds (JVM running for 2.457)
2021-11-17 22:54:23,116 [main] INFO  [com.yfan.springbootaop.config.AopLog] AopLog.java:37 - 环绕通知上......
2021-11-17 22:54:23,116 [main] INFO  [com.yfan.springbootaop.config.AopLog] AopLog.java:30 - 前置通知......
2021-11-17 22:54:23,126 [main] INFO  [com.yfan.springbootaop.config.AopLog] AopLog.java:52 - 返回通知......
2021-11-17 22:54:23,126 [main] INFO  [com.yfan.springbootaop.config.AopLog] AopLog.java:66 - 后置通知......
2021-11-17 22:54:23,126 [main] INFO  [com.yfan.springbootaop.config.AopLog] AopLog.java:44 - 环绕通知下......
2021-11-17 22:56:38,523 [main] INFO  [c.y.s.controller.LoginLogoutControllerTest] StartupInfoLogger.java:55 - Starting LoginLogoutControllerTest using Java 1.8.0_291 on DESKTOP-A787GFA with PID 28060 (started by YFAN in D:\IDEA_WORKSPACE\SpringBoot-Demo\spring-boot-aop)
2021-11-17 22:56:38,523 [main] INFO  [c.y.s.controller.LoginLogoutControllerTest] SpringApplication.java:659 - No active profile set, falling back to default profiles: default
2021-11-17 22:56:40,241 [main] INFO  [c.y.s.controller.LoginLogoutControllerTest] StartupInfoLogger.java:61 - Started LoginLogoutControllerTest in 2.011 seconds (JVM running for 3.068)
2021-11-17 22:56:40,391 [main] INFO  [com.yfan.springbootaop.config.AopLog] AopLog.java:37 - 环绕通知上......
2021-11-17 22:56:55,591 [main] INFO  [com.yfan.springbootaop.config.AopLog] AopLog.java:30 - 前置通知......
2021-11-17 22:56:55,601 [main] INFO  [com.yfan.springbootaop.config.AopLog] AopLog.java:53 - 返回通知......
2021-11-17 22:56:55,601 [main] INFO  [com.yfan.springbootaop.config.AopLog] AopLog.java:67 - 后置通知......
2021-11-17 22:56:55,601 [main] INFO  [com.yfan.springbootaop.config.AopLog] AopLog.java:45 - 环绕通知下......
2021-11-17 22:57:15,652 [main] INFO  [c.y.s.controller.LoginLogoutControllerTest] StartupInfoLogger.java:55 - Starting LoginLogoutControllerTest using Java 1.8.0_291 on DESKTOP-A787GFA with PID 32908 (started by YFAN in D:\IDEA_WORKSPACE\SpringBoot-Demo\spring-boot-aop)
2021-11-17 22:57:15,662 [main] INFO  [c.y.s.controller.LoginLogoutControllerTest] SpringApplication.java:659 - No active profile set, falling back to default profiles: default
2021-11-17 22:57:17,462 [main] INFO  [c.y.s.controller.LoginLogoutControllerTest] StartupInfoLogger.java:61 - Started LoginLogoutControllerTest in 2.115 seconds (JVM running for 2.859)
2021-11-17 22:57:17,612 [main] INFO  [com.yfan.springbootaop.config.AopLog] AopLog.java:37 - 环绕通知上......
2021-11-17 22:57:45,613 [main] INFO  [com.yfan.springbootaop.config.AopLog] AopLog.java:30 - 前置通知......
2021-11-17 22:57:45,623 [main] INFO  [com.yfan.springbootaop.config.AopLog] AopLog.java:53 - 返回通知......
2021-11-17 22:57:45,623 [main] INFO  [com.yfan.springbootaop.config.AopLog] AopLog.java:67 - 后置通知......
2021-11-17 22:57:45,623 [main] INFO  [com.yfan.springbootaop.config.AopLog] AopLog.java:45 - 环绕通知下......
2021-11-17 22:57:57,819 [main] INFO  [c.y.s.controller.LoginLogoutControllerTest] StartupInfoLogger.java:55 - Starting LoginLogoutControllerTest using Java 1.8.0_291 on DESKTOP-A787GFA with PID 12324 (started by YFAN in D:\IDEA_WORKSPACE\SpringBoot-Demo\spring-boot-aop)
2021-11-17 22:57:57,819 [main] INFO  [c.y.s.controller.LoginLogoutControllerTest] SpringApplication.java:659 - No active profile set, falling back to default profiles: default
2021-11-17 22:57:59,629 [main] INFO  [c.y.s.controller.LoginLogoutControllerTest] StartupInfoLogger.java:61 - Started LoginLogoutControllerTest in 2.138 seconds (JVM running for 2.889)
2021-11-17 22:57:59,769 [main] INFO  [com.yfan.springbootaop.config.AopLog] AopLog.java:37 - 环绕通知上......
2021-11-17 23:00:36,484 [main] INFO  [com.yfan.springbootaop.config.AopLog] AopLog.java:30 - 前置通知......
2021-11-17 23:00:36,494 [main] INFO  [com.yfan.springbootaop.config.AopLog] AopLog.java:53 - 返回通知......
2021-11-17 23:00:36,494 [main] INFO  [com.yfan.springbootaop.config.AopLog] AopLog.java:67 - 后置通知......
2021-11-17 23:00:36,494 [main] INFO  [com.yfan.springbootaop.config.AopLog] AopLog.java:45 - 环绕通知下......
2021-11-17 23:01:05,852 [main] INFO  [c.y.s.controller.LoginLogoutControllerTest] StartupInfoLogger.java:55 - Starting LoginLogoutControllerTest using Java 1.8.0_291 on DESKTOP-A787GFA with PID 24680 (started by YFAN in D:\IDEA_WORKSPACE\SpringBoot-Demo\spring-boot-aop)
2021-11-17 23:01:05,862 [main] INFO  [c.y.s.controller.LoginLogoutControllerTest] SpringApplication.java:659 - No active profile set, falling back to default profiles: default
2021-11-17 23:01:07,632 [main] INFO  [c.y.s.controller.LoginLogoutControllerTest] StartupInfoLogger.java:61 - Started LoginLogoutControllerTest in 2.082 seconds (JVM running for 2.829)
2021-11-17 23:01:07,782 [main] INFO  [com.yfan.springbootaop.config.AopLog] AopLog.java:37 - 环绕通知上......
2021-11-17 23:01:18,921 [main] INFO  [com.yfan.springbootaop.config.AopLog] AopLog.java:30 - 前置通知......
2021-11-17 23:01:18,931 [main] INFO  [com.yfan.springbootaop.config.AopLog] AopLog.java:53 - 返回通知......
2021-11-17 23:01:18,931 [main] INFO  [com.yfan.springbootaop.config.AopLog] AopLog.java:67 - 后置通知......
2021-11-17 23:01:18,931 [main] INFO  [com.yfan.springbootaop.config.AopLog] AopLog.java:45 - 环绕通知下......
2021-11-17 23:01:20,771 [main] INFO  [c.y.s.controller.LoginLogoutControllerTest] StartupInfoLogger.java:55 - Starting LoginLogoutControllerTest using Java 1.8.0_291 on DESKTOP-A787GFA with PID 28552 (started by YFAN in D:\IDEA_WORKSPACE\SpringBoot-Demo\spring-boot-aop)
2021-11-17 23:01:20,781 [main] INFO  [c.y.s.controller.LoginLogoutControllerTest] SpringApplication.java:659 - No active profile set, falling back to default profiles: default
2021-11-17 23:01:22,401 [main] INFO  [c.y.s.controller.LoginLogoutControllerTest] StartupInfoLogger.java:61 - Started LoginLogoutControllerTest in 1.919 seconds (JVM running for 2.575)
2021-11-17 23:01:22,521 [main] INFO  [com.yfan.springbootaop.config.AopLog] AopLog.java:37 - 环绕通知上......
2021-11-17 23:01:22,521 [main] INFO  [com.yfan.springbootaop.config.AopLog] AopLog.java:30 - 前置通知......
2021-11-17 23:01:22,531 [main] INFO  [com.yfan.springbootaop.config.AopLog] AopLog.java:53 - 返回通知......
2021-11-17 23:01:22,531 [main] INFO  [com.yfan.springbootaop.config.AopLog] AopLog.java:67 - 后置通知......
2021-11-17 23:01:22,531 [main] INFO  [com.yfan.springbootaop.config.AopLog] AopLog.java:45 - 环绕通知下......
2021-11-17 23:01:50,091 [main] INFO  [c.y.s.controller.LoginLogoutControllerTest] StartupInfoLogger.java:55 - Starting LoginLogoutControllerTest using Java 1.8.0_291 on DESKTOP-A787GFA with PID 5260 (started by YFAN in D:\IDEA_WORKSPACE\SpringBoot-Demo\spring-boot-aop)
2021-11-17 23:01:50,091 [main] INFO  [c.y.s.controller.LoginLogoutControllerTest] SpringApplication.java:659 - No active profile set, falling back to default profiles: default
2021-11-17 23:01:51,811 [main] INFO  [c.y.s.controller.LoginLogoutControllerTest] StartupInfoLogger.java:61 - Started LoginLogoutControllerTest in 2.027 seconds (JVM running for 2.749)
2021-11-17 23:01:51,961 [main] INFO  [com.yfan.springbootaop.config.AopLog] AopLog.java:37 - 环绕通知上......
2021-11-17 23:03:05,993 [main] INFO  [com.yfan.springbootaop.config.AopLog] AopLog.java:30 - 前置通知......
2021-11-17 23:03:05,993 [main] INFO  [com.yfan.springbootaop.config.AopLog] AopLog.java:53 - 返回通知......
2021-11-17 23:03:05,993 [main] INFO  [com.yfan.springbootaop.config.AopLog] AopLog.java:67 - 后置通知......
2021-11-17 23:03:05,993 [main] INFO  [com.yfan.springbootaop.config.AopLog] AopLog.java:45 - 环绕通知下......
